{
  "RSpec": {
    "coverage": {
      "/home/asynchronous-snippet-8095/tic-tac-toe-rb-ruby-apply-000/lib/tic_tac_toe.rb": [
        1,
        18,
        18,
        18,
        18,
        18,
        null,
        null,
        1,
        18,
        null,
        null,
        1,
        18,
        null,
        null,
        1,
        193,
        null,
        null,
        1,
        18,
        null,
        null,
        1,
        18,
        18,
        18,
        18,
        18,
        18,
        null,
        0,
        null,
        null,
        null,
        1,
        18,
        18,
        162,
        27,
        null,
        null,
        18,
        null,
        null,
        1,
        18,
        11,
        null,
        7,
        null,
        null,
        null,
        null,
        1,
        null,
        null,
        1,
        27,
        159,
        159,
        159,
        null,
        159,
        159,
        159,
        null,
        159,
        9,
        150,
        3,
        null,
        null,
        15,
        null,
        null,
        1,
        44,
        175,
        40,
        null,
        null,
        4,
        null,
        null,
        1,
        25,
        2,
        null,
        23,
        null,
        null,
        null,
        1,
        19,
        8,
        null,
        11,
        null,
        null,
        null,
        1,
        8,
        4,
        null,
        4,
        null,
        null,
        1,
        42,
        18,
        null,
        12,
        3,
        null,
        9,
        null,
        null
      ]
    },
    "timestamp": 1600968169
  }
}
