{
  "RSpec": {
    "coverage": {
      "/home/asynchronous-snippet-8095/tic-tac-toe-rb-ruby-apply-000/lib/tic_tac_toe.rb": [
        1,
        4,
        4,
        4,
        4,
        4,
        null,
        null,
        1,
        6,
        null,
        null,
        1,
        5,
        null,
        null,
        1,
        70,
        null,
        null,
        1,
        6,
        null,
        null,
        1,
        3,
        3,
        3,
        3,
        2,
        2,
        null,
        1,
        null,
        null,
        null,
        1,
        4,
        4,
        36,
        5,
        null,
        null,
        4,
        null,
        null,
        1,
        3,
        3,
        null,
        0,
        null,
        null,
        null,
        null,
        1,
        null,
        null,
        1,
        10,
        68,
        68,
        68,
        null,
        68,
        68,
        68,
        null,
        68,
        4,
        64,
        2,
        null,
        null,
        4,
        null,
        null,
        1,
        10,
        62,
        4,
        null,
        null,
        6,
        null,
        null,
        1,
        6,
        2,
        null,
        4,
        null,
        null,
        null,
        1,
        3,
        2,
        null,
        1,
        null,
        null,
        null,
        1,
        3,
        1,
        null,
        2,
        null,
        null,
        1,
        0,
        null,
        null,
        0,
        0,
        null,
        0,
        null,
        null
      ]
    },
    "timestamp": 1600968111
  }
}
